# JRE version: Java(TM) SE Runtime Environment (8.0_211-b12) (build 1.8.0_211-b12)
# Java VM: Java HotSpot(TM) 64-Bit Server VM (25.211-b12 mixed mode windows-amd64 compressed oops)
Heap:
 PSYoungGen      total 367104K, used 73075K [0x000000076b400000, 0x0000000783480000, 0x00000007c0000000)
  eden space 345600K, 16% used [0x000000076b400000,0x000000076eac9108,0x0000000780580000)
  from space 21504K, 78% used [0x0000000780a80000,0x0000000781b13c28,0x0000000781f80000)
  to   space 17408K, 0% used [0x0000000782380000,0x0000000782380000,0x0000000783480000)
 ParOldGen       total 86528K, used 38139K [0x00000006c1c00000, 0x00000006c7080000, 0x000000076b400000)
  object space 86528K, 44% used [0x00000006c1c00000,0x00000006c413ed80,0x00000006c7080000)
 Metaspace       used 67203K, capacity 69586K, committed 69760K, reserved 1110016K
  class space    used 8857K, capacity 9291K, committed 9344K, reserved 1048576K
GC Heap History (10 events):
Event: 4.797 GC heap before
{Heap before GC invocations=10 (full 2):
 PSYoungGen      total 272896K, used 13903K [0x000000076b400000, 0x0000000784280000, 0x00000007c0000000)
  eden space 258048K, 0% used [0x000000076b400000,0x000000076b400000,0x000000077b000000)
  from space 14848K, 93% used [0x0000000783400000,0x0000000784193c58,0x0000000784280000)
  to   space 10240K, 0% used [0x000000077b000000,0x000000077b000000,0x000000077ba00000)
 ParOldGen       total 86528K, used 14664K [0x00000006c1c00000, 0x00000006c7080000, 0x000000076b400000)
  object space 86528K, 16% used [0x00000006c1c00000,0x00000006c2a52088,0x00000006c7080000)
 Metaspace       used 34111K, capacity 35370K, committed 35456K, reserved 1079296K
  class space    used 4449K, capacity 4709K, committed 4736K, reserved 1048576K
Event: 4.834 GC heap after
Heap after GC invocations=10 (full 2):
 PSYoungGen      total 272896K, used 0K [0x000000076b400000, 0x0000000784280000, 0x00000007c0000000)
  eden space 258048K, 0% used [0x000000076b400000,0x000000076b400000,0x000000077b000000)
  from space 14848K, 0% used [0x0000000783400000,0x0000000783400000,0x0000000784280000)
  to   space 10240K, 0% used [0x000000077b000000,0x000000077b000000,0x000000077ba00000)
 ParOldGen       total 86528K, used 19664K [0x00000006c1c00000, 0x00000006c7080000, 0x000000076b400000)
  object space 86528K, 22% used [0x00000006c1c00000,0x00000006c2f34370,0x00000006c7080000)
 Metaspace       used 34111K, capacity 35370K, committed 35456K, reserved 1079296K
  class space    used 4449K, capacity 4709K, committed 4736K, reserved 1048576K
}
Event: 6.479 GC heap before
{Heap before GC invocations=11 (full 2):
 PSYoungGen      total 272896K, used 258048K [0x000000076b400000, 0x0000000784280000, 0x00000007c0000000)
  eden space 258048K, 100% used [0x000000076b400000,0x000000077b000000,0x000000077b000000)
  from space 14848K, 0% used [0x0000000783400000,0x0000000783400000,0x0000000784280000)
  to   space 10240K, 0% used [0x000000077b000000,0x000000077b000000,0x000000077ba00000)
 ParOldGen       total 86528K, used 19664K [0x00000006c1c00000, 0x00000006c7080000, 0x000000076b400000)
  object space 86528K, 22% used [0x00000006c1c00000,0x00000006c2f34370,0x00000006c7080000)
 Metaspace       used 43467K, capacity 44886K, committed 45312K, reserved 1089536K
  class space    used 5519K, capacity 5787K, committed 5888K, reserved 1048576K
Event: 6.496 GC heap after
Heap after GC invocations=11 (full 2):
 PSYoungGen      total 268288K, used 10224K [0x000000076b400000, 0x0000000783480000, 0x00000007c0000000)
  eden space 258048K, 0% used [0x000000076b400000,0x000000076b400000,0x000000077b000000)
  from space 10240K, 99% used [0x000000077b000000,0x000000077b9fc130,0x000000077ba00000)
  to   space 17408K, 0% used [0x0000000782380000,0x0000000782380000,0x0000000783480000)
 ParOldGen       total 86528K, used 22492K [0x00000006c1c00000, 0x00000006c7080000, 0x000000076b400000)
  object space 86528K, 25% used [0x00000006c1c00000,0x00000006c31f71c8,0x00000006c7080000)
 Metaspace       used 43467K, capacity 44886K, committed 45312K, reserved 1089536K
  class space    used 5519K, capacity 5787K, committed 5888K, reserved 1048576K
}
Event: 8.278 GC heap before
{Heap before GC invocations=12 (full 2):
 PSYoungGen      total 268288K, used 253156K [0x000000076b400000, 0x0000000783480000, 0x00000007c0000000)
  eden space 258048K, 94% used [0x000000076b400000,0x000000077a13d1d8,0x000000077b000000)
  from space 10240K, 99% used [0x000000077b000000,0x000000077b9fc130,0x000000077ba00000)
  to   space 17408K, 0% used [0x0000000782380000,0x0000000782380000,0x0000000783480000)
 ParOldGen       total 86528K, used 22492K [0x00000006c1c00000, 0x00000006c7080000, 0x000000076b400000)
  object space 86528K, 25% used [0x00000006c1c00000,0x00000006c31f71c8,0x00000006c7080000)
 Metaspace       used 57117K, capacity 59088K, committed 59096K, reserved 1101824K
  class space    used 7457K, capacity 7802K, committed 7808K, reserved 1048576K
Event: 8.295 GC heap after
Heap after GC invocations=12 (full 2):
 PSYoungGen      total 363008K, used 17405K [0x000000076b400000, 0x0000000783480000, 0x00000007c0000000)
  eden space 345600K, 0% used [0x000000076b400000,0x000000076b400000,0x0000000780580000)
  from space 17408K, 99% used [0x0000000782380000,0x000000078347f668,0x0000000783480000)
  to   space 21504K, 0% used [0x0000000780a80000,0x0000000780a80000,0x0000000781f80000)
 ParOldGen       total 86528K, used 27394K [0x00000006c1c00000, 0x00000006c7080000, 0x000000076b400000)
  object space 86528K, 31% used [0x00000006c1c00000,0x00000006c36c08a8,0x00000006c7080000)
 Metaspace       used 57117K, capacity 59088K, committed 59096K, reserved 1101824K
  class space    used 7457K, capacity 7802K, committed 7808K, reserved 1048576K
}
Event: 8.295 GC heap before
{Heap before GC invocations=13 (full 3):
 PSYoungGen      total 363008K, used 17405K [0x000000076b400000, 0x0000000783480000, 0x00000007c0000000)
  eden space 345600K, 0% used [0x000000076b400000,0x000000076b400000,0x0000000780580000)
  from space 17408K, 99% used [0x0000000782380000,0x000000078347f668,0x0000000783480000)
  to   space 21504K, 0% used [0x0000000780a80000,0x0000000780a80000,0x0000000781f80000)
 ParOldGen       total 86528K, used 27394K [0x00000006c1c00000, 0x00000006c7080000, 0x000000076b400000)
  object space 86528K, 31% used [0x00000006c1c00000,0x00000006c36c08a8,0x00000006c7080000)
 Metaspace       used 57117K, capacity 59088K, committed 59096K, reserved 1101824K
  class space    used 7457K, capacity 7802K, committed 7808K, reserved 1048576K
Event: 8.416 GC heap after
Heap after GC invocations=13 (full 3):
 PSYoungGen      total 363008K, used 0K [0x000000076b400000, 0x0000000783480000, 0x00000007c0000000)
  eden space 345600K, 0% used [0x000000076b400000,0x000000076b400000,0x0000000780580000)
  from space 17408K, 0% used [0x0000000782380000,0x0000000782380000,0x0000000783480000)
  to   space 21504K, 0% used [0x0000000780a80000,0x0000000780a80000,0x0000000781f80000)
 ParOldGen       total 86528K, used 38131K [0x00000006c1c00000, 0x00000006c7080000, 0x000000076b400000)
  object space 86528K, 44% used [0x00000006c1c00000,0x00000006c413cd80,0x00000006c7080000)
 Metaspace       used 57117K, capacity 59088K, committed 59096K, reserved 1101824K
  class space    used 7457K, capacity 7802K, committed 7808K, reserved 1048576K
}
Event: 10.456 GC heap before
{Heap before GC invocations=14 (full 3):
 PSYoungGen      total 363008K, used 345600K [0x000000076b400000, 0x0000000783480000, 0x00000007c0000000)
  eden space 345600K, 100% used [0x000000076b400000,0x0000000780580000,0x0000000780580000)
  from space 17408K, 0% used [0x0000000782380000,0x0000000782380000,0x0000000783480000)
  to   space 21504K, 0% used [0x0000000780a80000,0x0000000780a80000,0x0000000781f80000)
 ParOldGen       total 86528K, used 38131K [0x00000006c1c00000, 0x00000006c7080000, 0x000000076b400000)
  object space 86528K, 44% used [0x00000006c1c00000,0x00000006c413cd80,0x00000006c7080000)
 Metaspace       used 66167K, capacity 68562K, committed 68864K, reserved 1110016K
  class space    used 8698K, capacity 9125K, committed 9216K, reserved 1048576K
Event: 10.471 GC heap after
Heap after GC invocations=14 (full 3):
 PSYoungGen      total 367104K, used 16975K [0x000000076b400000, 0x0000000783480000, 0x00000007c0000000)
  eden space 345600K, 0% used [0x000000076b400000,0x000000076b400000,0x0000000780580000)
  from space 21504K, 78% used [0x0000000780a80000,0x0000000781b13c28,0x0000000781f80000)
  to   space 17408K, 0% used [0x0000000782380000,0x0000000782380000,0x0000000783480000)
 ParOldGen       total 86528K, used 38139K [0x00000006c1c00000, 0x00000006c7080000, 0x000000076b400000)
  object space 86528K, 44% used [0x00000006c1c00000,0x00000006c413ed80,0x00000006c7080000)
 Metaspace       used 66167K, capacity 68562K, committed 68864K, reserved 1110016K
  class space    used 8698K, capacity 9125K, committed 9216K, reserved 1048576K
}

